<?xml version="1.0" encoding="UTF-8"?>
<!-- Generated by org.testng.reporters.JUnitReportReporter -->
<testsuite skipped="0" hostname="USBLRDEBKDAS5" name="com.travel.qa.testcases.IxigoTest" tests="6" failures="0" timestamp="21 Aug 2020 06:19:22 GMT" time="60.818" errors="0">
  <testcase name="verifyLandingPageTitleTest" time="0.819" classname="com.travel.qa.testcases.IxigoTest"/>
  <testcase name="validateIxigoLogo" time="0.282" classname="com.travel.qa.testcases.IxigoTest"/>
  <testcase name="searchWithProperJounryDetails" time="32.131" classname="com.travel.qa.testcases.IxigoTest"/>
  <testcase name="validateResultPage" time="3.698" classname="com.travel.qa.testcases.IxigoTest"/>
  <testcase name="validateDifferentFillterOptions" time="15.853" classname="com.travel.qa.testcases.IxigoTest"/>
  <testcase name="listOfAirlineDetailsWithFareLessThen5000" time="8.035" classname="com.travel.qa.testcases.IxigoTest"/>
</testsuite> <!-- com.travel.qa.testcases.IxigoTest -->
